************Test_001_Login **************
************verify home page title **************
************Test_001_Login passed **************
************Test_001_Login verify login page**************
************Test_001_Login verify login page passed**************
2022-05-10 21:14:43,201 : INFO : ************Test_001_Login **************
2022-05-10 21:14:43,201 : INFO : ************verify home page title **************
2022-05-10 21:14:45,160 : INFO : ************Test_001_Login passed **************
2022-05-10 21:14:46,337 : INFO : ************Test_001_Login verify login page**************
2022-05-10 21:14:55,587 : INFO : ************Test_001_Login verify login page passed**************
2022-05-10 22:07:28,235 : INFO : ************Test_001_Login **************
2022-05-10 22:07:28,236 : INFO : ************verify home page title **************
2022-05-10 22:07:30,015 : INFO : ************Test_001_Login passed **************
2022-05-10 22:07:31,164 : INFO : ************Test_001_Login verify login page**************
2022-05-10 22:07:36,193 : INFO : ************Test_001_Login verify login page passed**************
2022-05-11 16:49:26,928 : INFO : ************Test_001_Login **************
2022-05-11 16:49:26,928 : INFO : ************verify home page title **************
2022-05-11 16:49:28,735 : INFO : ************Test_001_Login passed **************
2022-05-11 16:49:29,914 : INFO : ************Test_001_Login verify login page**************
2022-05-11 16:49:38,650 : INFO : ************Test_001_Login verify login page passed**************
2022-05-11 16:52:56,438 : INFO : ************Test_001_Login **************
2022-05-11 16:52:56,439 : INFO : ************verify home page title **************
2022-05-11 16:52:58,298 : INFO : ************Test_001_Login passed **************
2022-05-11 16:52:59,475 : INFO : ************Test_001_Login verify login page**************
2022-05-11 16:53:04,609 : INFO : ************Test_001_Login verify login page passed**************
2022-05-11 16:58:17,142 : INFO : ************Test_001_Login **************
2022-05-11 16:58:17,142 : INFO : ************verify home page title **************
2022-05-11 16:58:20,892 : INFO : ************Test_001_Login passed **************
2022-05-11 16:58:42,911 : INFO : ************Test_001_Login verify login page**************
2022-05-11 16:58:50,066 : INFO : ************Test_001_Login verify login page passed**************
2022-05-11 19:30:33,648 : INFO : ************Test_001_Login **************
2022-05-11 19:30:33,648 : INFO : ************verify home page title **************
2022-05-11 19:30:35,861 : INFO : ************Test_001_Login passed **************
2022-05-11 19:30:37,823 : INFO : ************Test_001_Login verify login page**************
2022-05-11 19:30:43,480 : INFO : ************Test_001_Login verify login page passed**************
2022-05-11 19:30:49,855 : INFO : ************Test_001_Login **************
2022-05-11 19:30:49,855 : INFO : ************verify home page title **************
2022-05-11 19:30:51,652 : INFO : ************Test_001_Login passed **************
2022-05-11 19:30:52,841 : INFO : ************Test_001_Login verify login page**************
2022-05-11 19:30:57,037 : INFO : ************Test_001_Login verify login page passed**************
2022-05-11 19:39:27,669 : INFO : ************Test_001_Login verify login page**************
2022-05-11 19:39:27,745 : INFO : ************Test_001_Login **************
2022-05-11 19:39:27,745 : INFO : ************verify home page title **************
2022-05-11 19:39:29,859 : INFO : ************Test_001_Login passed **************
2022-05-11 19:39:32,891 : INFO : ************Test_001_Login verify login page passed**************
2022-05-11 19:51:28,413 : INFO : ************Test_001_Login **************
2022-05-11 19:51:28,413 : INFO : ************verify home page title **************
2022-05-11 19:51:28,482 : INFO : ************Test_001_Login verify login page**************
2022-05-11 19:51:30,637 : INFO : ************Test_001_Login passed **************
2022-05-11 19:51:32,813 : INFO : ************Test_001_Login **************
2022-05-11 19:51:32,813 : INFO : ************verify home page title **************
2022-05-11 19:51:35,300 : INFO : ************Test_001_Login passed **************
2022-05-11 19:51:38,648 : INFO : ************Test_001_Login verify login page passed**************
2022-05-11 19:51:40,713 : INFO : ************Test_001_Login verify login page**************
2022-05-11 19:51:45,795 : INFO : ************Test_001_Login verify login page passed**************
2022-05-11 20:30:02,699 : INFO : ************Test_001_Login **************
2022-05-11 20:30:02,699 : INFO : ************verify home page title **************
2022-05-11 20:30:02,700 : INFO : ************Test_001_Login verify login page**************
2022-05-11 20:30:08,366 : INFO : ************Test_001_Login verify login page passed**************
2022-05-11 20:30:08,630 : INFO : ************Test_001_Login passed **************
2022-05-11 20:30:10,742 : INFO : ************Test_001_Login verify login page**************
2022-05-11 20:30:11,094 : INFO : ************Test_001_Login **************
2022-05-11 20:30:11,094 : INFO : ************verify home page title **************
2022-05-11 20:30:13,415 : INFO : ************Test_001_Login passed **************
2022-05-11 20:30:17,036 : INFO : ************Test_001_Login verify login page passed**************
2022-05-12 20:22:48,464 : INFO : ************Test_001_Login **************
2022-05-12 20:22:48,465 : INFO : ************verify home page title **************
2022-05-12 20:22:48,468 : INFO : ************Test_001_Login verify login page**************
2022-05-12 20:22:55,592 : INFO : ************Test_001_Login passed **************
2022-05-12 20:22:57,043 : INFO : ************Test_001_Login verify login page passed**************
2022-05-12 20:22:57,785 : INFO : ************Test_001_Login **************
2022-05-12 20:22:57,785 : INFO : ************verify home page title **************
2022-05-12 20:22:59,112 : INFO : ************Test_001_Login verify login page**************
2022-05-12 20:23:00,061 : INFO : ************Test_001_Login passed **************
2022-05-12 20:23:03,432 : INFO : ************Test_001_Login verify login page passed**************
2022-05-13 15:11:03,257 : INFO : ************Test_001_Login **************
2022-05-13 15:11:03,257 : INFO : ************verify home page title **************
2022-05-13 15:11:03,257 : INFO : ************Test_001_Login verify login page**************
2022-05-13 15:11:04,912 : INFO : ************Test_001_Login passed **************
2022-05-13 15:11:06,993 : INFO : ************Test_001_Login **************
2022-05-13 15:11:06,994 : INFO : ************verify home page title **************
2022-05-13 15:11:09,168 : INFO : ************Test_001_Login passed **************
2022-05-13 15:11:09,863 : INFO : ************Test_001_Login verify login page passed**************
2022-05-13 15:11:11,829 : INFO : ************Test_001_Login verify login page**************
2022-05-13 15:11:17,770 : INFO : ************Test_001_Login verify login page passed**************
2022-05-13 21:28:50,656 : INFO : ********************Test_003_AddCustomer**************************
2022-05-13 21:28:51,784 : INFO : ********************Test_003_AddCustomer**************************
2022-05-13 21:28:55,711 : INFO : ********************Login successful**************************
2022-05-13 21:28:55,711 : INFO : ********************start Test_003_AddCustomer**************************
2022-05-13 21:28:56,174 : INFO : ********************Login successful**************************
2022-05-13 21:28:56,175 : INFO : ********************start Test_003_AddCustomer**************************
2022-05-13 21:33:25,176 : INFO : ********************Test_003_AddCustomer**************************
2022-05-13 21:33:26,092 : INFO : ********************Test_003_AddCustomer**************************
2022-05-13 21:33:29,518 : INFO : ********************Login successful**************************
2022-05-13 21:33:29,518 : INFO : ********************start Test_003_AddCustomer**************************
2022-05-13 21:33:30,539 : INFO : ********************Login successful**************************
2022-05-13 21:33:30,539 : INFO : ********************start Test_003_AddCustomer**************************
2022-05-13 21:50:17,350 : INFO : ********************Test_003_AddCustomer**************************
2022-05-13 21:50:18,266 : INFO : ********************Test_003_AddCustomer**************************
2022-05-13 21:50:24,839 : INFO : ********************Login successful**************************
2022-05-13 21:50:24,840 : INFO : ********************start Test_003_AddCustomer**************************
2022-05-13 21:50:25,898 : INFO : ********************Login successful**************************
2022-05-13 21:50:25,898 : INFO : ********************start Test_003_AddCustomer**************************
2022-05-13 21:53:55,413 : INFO : ********************Test_003_AddCustomer**************************
2022-05-13 21:53:56,323 : INFO : ********************Test_003_AddCustomer**************************
2022-05-13 21:54:00,480 : INFO : ********************Login successful**************************
2022-05-13 21:54:00,481 : INFO : ********************start Test_003_AddCustomer**************************
2022-05-13 21:54:00,643 : INFO : ********************Login successful**************************
2022-05-13 21:54:00,643 : INFO : ********************start Test_003_AddCustomer**************************
2022-05-13 21:54:55,741 : INFO : ********************Test_003_AddCustomer**************************
2022-05-13 21:54:56,653 : INFO : ********************Test_003_AddCustomer**************************
2022-05-13 21:54:59,169 : INFO : ********************Login successful**************************
2022-05-13 21:54:59,169 : INFO : ********************start Test_003_AddCustomer**************************
2022-05-13 21:55:01,245 : INFO : ********************Login successful**************************
2022-05-13 21:55:01,245 : INFO : ********************start Test_003_AddCustomer**************************
2022-05-13 22:19:09,231 : INFO : ********************Test_003_AddCustomer**************************
2022-05-13 22:19:10,161 : INFO : ********************Test_003_AddCustomer**************************
2022-05-13 22:19:14,006 : INFO : ********************Login successful**************************
2022-05-13 22:19:14,006 : INFO : ********************start Test_003_AddCustomer**************************
2022-05-13 22:19:14,497 : INFO : ********************Login successful**************************
2022-05-13 22:19:14,498 : INFO : ********************start Test_003_AddCustomer**************************
2022-05-13 22:30:17,084 : INFO : ********************Test_003_AddCustomer**************************
2022-05-13 22:30:18,217 : INFO : ********************Test_003_AddCustomer**************************
2022-05-13 22:30:22,224 : INFO : ********************Login successful**************************
2022-05-13 22:30:22,224 : INFO : ********************start Test_003_AddCustomer**************************
2022-05-13 22:30:22,324 : INFO : ********************Login successful**************************
2022-05-13 22:30:22,324 : INFO : ********************start Test_003_AddCustomer**************************
2022-05-13 23:20:11,300 : INFO : ********************Test_003_AddCustomer**************************
2022-05-13 23:20:12,413 : INFO : ********************Test_003_AddCustomer**************************
2022-05-13 23:20:16,333 : INFO : ********************Login successful**************************
2022-05-13 23:20:16,333 : INFO : ********************start Test_003_AddCustomer**************************
2022-05-13 23:20:17,069 : INFO : ********************Login successful**************************
2022-05-13 23:20:17,070 : INFO : ********************start Test_003_AddCustomer**************************
2022-05-13 23:23:14,000 : INFO : ********************Test_003_AddCustomer**************************
2022-05-13 23:23:15,123 : INFO : ********************Test_003_AddCustomer**************************
2022-05-13 23:23:18,843 : INFO : ********************Login successful**************************
2022-05-13 23:23:18,843 : INFO : ********************start Test_003_AddCustomer**************************
2022-05-13 23:23:19,215 : INFO : ********************Login successful**************************
2022-05-13 23:23:19,215 : INFO : ********************start Test_003_AddCustomer**************************
2022-05-13 23:23:26,301 : INFO : ********************provide customer info**************************
2022-05-13 23:25:37,227 : INFO : ********************Test_003_AddCustomer**************************
2022-05-13 23:25:38,259 : INFO : ********************Test_003_AddCustomer**************************
2022-05-13 23:25:42,676 : INFO : ********************Login successful**************************
2022-05-13 23:25:42,677 : INFO : ********************start Test_003_AddCustomer**************************
2022-05-13 23:25:43,471 : INFO : ********************Login successful**************************
2022-05-13 23:25:43,471 : INFO : ********************start Test_003_AddCustomer**************************
2022-05-13 23:25:49,658 : INFO : ********************provide customer info**************************
2022-05-14 12:56:04,357 : INFO : ********************Test_003_AddCustomer**************************
2022-05-14 12:56:05,067 : INFO : ********************Test_003_AddCustomer**************************
2022-05-14 12:56:10,174 : INFO : ********************Login successful**************************
2022-05-14 12:56:10,174 : INFO : ********************start Test_003_AddCustomer**************************
2022-05-14 12:56:10,847 : INFO : ********************Login successful**************************
2022-05-14 12:56:10,848 : INFO : ********************start Test_003_AddCustomer**************************
2022-05-14 13:06:53,534 : INFO : ********************Test_003_AddCustomer**************************
2022-05-14 13:06:54,563 : INFO : ********************Test_003_AddCustomer**************************
2022-05-14 13:06:58,795 : INFO : ********************Login successful**************************
2022-05-14 13:06:58,795 : INFO : ********************start Test_003_AddCustomer**************************
2022-05-14 13:06:58,904 : INFO : ********************Login successful**************************
2022-05-14 13:06:58,904 : INFO : ********************start Test_003_AddCustomer**************************
2022-05-14 13:07:08,959 : INFO : ********************provide customer info**************************
2022-05-14 13:07:09,002 : INFO : ********************provide customer info**************************
2022-05-14 13:57:04,351 : INFO : ********************Test_003_AddCustomer**************************
2022-05-14 13:57:05,271 : INFO : ********************Test_003_AddCustomer**************************
2022-05-14 13:57:09,633 : INFO : ********************Login successful**************************
2022-05-14 13:57:09,633 : INFO : ********************start Test_003_AddCustomer**************************
2022-05-14 13:57:09,711 : INFO : ********************Login successful**************************
2022-05-14 13:57:09,711 : INFO : ********************start Test_003_AddCustomer**************************
2022-05-14 13:57:16,653 : INFO : ********************provide customer info**************************
2022-05-14 13:57:17,711 : INFO : ********************provide customer info**************************
2022-05-14 13:58:31,715 : INFO : ********************Test_003_AddCustomer**************************
2022-05-14 13:58:32,741 : INFO : ********************Test_003_AddCustomer**************************
2022-05-14 13:58:37,051 : INFO : ********************Login successful**************************
2022-05-14 13:58:37,052 : INFO : ********************start Test_003_AddCustomer**************************
2022-05-14 13:58:37,153 : INFO : ********************Login successful**************************
2022-05-14 13:58:37,154 : INFO : ********************start Test_003_AddCustomer**************************
2022-05-14 13:58:43,281 : INFO : ********************provide customer info**************************
2022-05-14 13:58:44,674 : INFO : ********************provide customer info**************************
2022-05-14 14:00:00,140 : INFO : ********************Test_003_AddCustomer**************************
2022-05-14 14:00:01,061 : INFO : ********************Test_003_AddCustomer**************************
2022-05-14 14:00:04,530 : INFO : ********************Login successful**************************
2022-05-14 14:00:04,530 : INFO : ********************start Test_003_AddCustomer**************************
2022-05-14 14:00:06,128 : INFO : ********************Login successful**************************
2022-05-14 14:00:06,129 : INFO : ********************start Test_003_AddCustomer**************************
2022-05-14 14:00:12,637 : INFO : ********************provide customer info**************************
2022-05-14 14:00:12,970 : INFO : ********************provide customer info**************************
2022-05-14 14:07:09,326 : INFO : ********************Test_003_AddCustomer**************************
2022-05-14 14:07:10,142 : INFO : ********************Test_003_AddCustomer**************************
2022-05-14 14:07:14,380 : INFO : ********************Login successful**************************
2022-05-14 14:07:14,381 : INFO : ********************start Test_003_AddCustomer**************************
2022-05-14 14:07:14,516 : INFO : ********************Login successful**************************
2022-05-14 14:07:14,516 : INFO : ********************start Test_003_AddCustomer**************************
2022-05-14 14:07:20,861 : INFO : ********************provide customer info**************************
2022-05-14 14:07:22,020 : INFO : ********************provide customer info**************************
2022-05-14 17:24:37,049 : INFO : ********************Test_003_AddCustomer**************************
2022-05-14 17:24:38,056 : INFO : ********************Test_003_AddCustomer**************************
2022-05-14 17:24:42,837 : INFO : ********************Login successful**************************
2022-05-14 17:24:42,837 : INFO : ********************start Test_003_AddCustomer**************************
2022-05-14 17:24:43,157 : INFO : ********************Login successful**************************
2022-05-14 17:24:43,157 : INFO : ********************start Test_003_AddCustomer**************************
2022-05-14 17:24:51,030 : INFO : ********************provide customer info**************************
2022-05-14 17:24:54,068 : INFO : ********************provide customer info**************************
2022-05-14 19:30:11,113 : INFO : ********************Test_003_AddCustomer**************************
2022-05-14 19:30:17,260 : INFO : ********************Login successful**************************
2022-05-14 19:30:17,261 : INFO : ********************start Test_003_AddCustomer**************************
2022-05-14 19:30:28,386 : INFO : ********************provide customer info**************************
2022-05-14 20:57:15,559 : INFO : ********************Test_003_AddCustomer**************************
2022-05-14 20:57:21,976 : INFO : ********************Login successful**************************
2022-05-14 20:57:21,976 : INFO : ********************start Test_003_AddCustomer**************************
2022-05-14 20:57:33,127 : INFO : ********************provide customer info**************************
2022-05-14 20:59:51,092 : INFO : ********************Test_003_AddCustomer**************************
2022-05-14 20:59:59,270 : INFO : ********************Login successful**************************
2022-05-14 20:59:59,270 : INFO : ********************start Test_003_AddCustomer**************************
2022-05-14 21:00:08,726 : INFO : ********************provide customer info**************************
2022-05-14 21:02:33,009 : INFO : ********************Test_003_AddCustomer**************************
2022-05-14 21:02:40,221 : INFO : ********************Login successful**************************
2022-05-14 21:02:40,221 : INFO : ********************start Test_003_AddCustomer**************************
2022-05-14 21:02:49,381 : INFO : ********************provide customer info**************************
2022-05-14 21:09:36,223 : INFO : ********************Test_003_AddCustomer**************************
2022-05-14 21:09:41,890 : INFO : ********************Login successful**************************
2022-05-14 21:09:41,890 : INFO : ********************start Test_003_AddCustomer**************************
2022-05-14 21:09:50,309 : INFO : ********************provide customer info**************************
2022-05-14 21:12:47,881 : INFO : ********************Test_003_AddCustomer**************************
2022-05-14 21:12:55,674 : INFO : ********************Login successful**************************
2022-05-14 21:12:55,674 : INFO : ********************start Test_003_AddCustomer**************************
2022-05-14 21:13:06,728 : INFO : ********************provide customer info**************************
2022-05-14 21:22:07,948 : INFO : ********************Test_003_AddCustomer**************************
2022-05-14 21:22:15,545 : INFO : ********************Login successful**************************
2022-05-14 21:22:15,545 : INFO : ********************start Test_003_AddCustomer**************************
2022-05-14 21:22:24,592 : INFO : ********************provide customer info**************************
2022-05-14 21:32:01,698 : INFO : ********************Test_003_AddCustomer**************************
2022-05-14 21:32:09,133 : INFO : ********************Login successful**************************
2022-05-14 21:32:09,133 : INFO : ********************start Test_003_AddCustomer**************************
2022-05-14 21:32:18,522 : INFO : ********************provide customer info**************************
2022-05-14 21:36:28,227 : INFO : ********************Test_003_AddCustomer**************************
2022-05-14 21:36:36,297 : INFO : ********************Login successful**************************
2022-05-14 21:36:36,298 : INFO : ********************start Test_003_AddCustomer**************************
2022-05-14 21:36:44,974 : INFO : ********************provide customer info**************************
2022-05-14 21:42:46,937 : INFO : ********************Test_003_AddCustomer**************************
2022-05-14 21:42:52,426 : INFO : ********************Login successful**************************
2022-05-14 21:42:52,427 : INFO : ********************start Test_003_AddCustomer**************************
2022-05-14 21:42:59,946 : INFO : ********************provide customer info**************************
2022-05-14 21:46:44,144 : INFO : ********************Test_003_AddCustomer**************************
2022-05-14 21:46:49,699 : INFO : ********************Login successful**************************
2022-05-14 21:46:49,699 : INFO : ********************start Test_003_AddCustomer**************************
2022-05-14 21:46:57,955 : INFO : ********************provide customer info**************************
2022-05-14 21:52:14,934 : INFO : ********************Test_003_AddCustomer**************************
2022-05-14 21:52:19,944 : INFO : ********************Login successful**************************
2022-05-14 21:52:19,944 : INFO : ********************start Test_003_AddCustomer**************************
2022-05-14 21:52:30,971 : INFO : ********************provide customer info**************************
2022-05-14 21:56:28,912 : INFO : ********************Test_003_AddCustomer**************************
2022-05-14 21:56:34,570 : INFO : ********************Login successful**************************
2022-05-14 21:56:34,570 : INFO : ********************start Test_003_AddCustomer**************************
2022-05-14 21:56:43,428 : INFO : ********************provide customer info**************************
2022-05-14 22:00:02,021 : INFO : ********************Test_003_AddCustomer**************************
2022-05-14 22:00:07,550 : INFO : ********************Login successful**************************
2022-05-14 22:00:07,552 : INFO : ********************start Test_003_AddCustomer**************************
2022-05-14 22:00:15,118 : INFO : ********************provide customer info**************************
2022-05-14 22:01:55,318 : INFO : ********************Test_003_AddCustomer**************************
2022-05-14 22:02:00,999 : INFO : ********************Login successful**************************
2022-05-14 22:02:00,999 : INFO : ********************start Test_003_AddCustomer**************************
2022-05-14 22:02:08,560 : INFO : ********************provide customer info**************************
2022-05-14 22:04:26,209 : INFO : ********************Test_003_AddCustomer**************************
2022-05-14 22:04:31,930 : INFO : ********************Login successful**************************
2022-05-14 22:04:31,930 : INFO : ********************start Test_003_AddCustomer**************************
2022-05-14 22:04:40,089 : INFO : ********************provide customer info**************************
2022-05-14 22:13:29,380 : INFO : ********************Test_003_AddCustomer**************************
2022-05-14 22:13:36,736 : INFO : ********************Login successful**************************
2022-05-14 22:13:36,736 : INFO : ********************start Test_003_AddCustomer**************************
2022-05-14 22:13:46,036 : INFO : ********************provide customer info**************************
2022-05-14 22:18:04,153 : INFO : ********************Test_003_AddCustomer**************************
2022-05-14 22:18:13,540 : INFO : ********************Login successful**************************
2022-05-14 22:18:13,540 : INFO : ********************start Test_003_AddCustomer**************************
2022-05-14 22:18:23,989 : INFO : ********************provide customer info**************************
2022-05-14 22:19:59,000 : INFO : ********************Test_003_AddCustomer**************************
2022-05-14 22:20:07,418 : INFO : ********************Login successful**************************
2022-05-14 22:20:07,418 : INFO : ********************start Test_003_AddCustomer**************************
2022-05-14 22:20:18,996 : INFO : ********************provide customer info**************************
2022-05-14 22:27:55,273 : INFO : ********************Test_003_AddCustomer**************************
2022-05-14 22:28:05,011 : INFO : ********************Login successful**************************
2022-05-14 22:28:05,011 : INFO : ********************start Test_003_AddCustomer**************************
2022-05-14 22:28:16,978 : INFO : ********************provide customer info**************************
2022-05-14 22:32:45,878 : INFO : ********************Test_003_AddCustomer**************************
2022-05-14 22:32:53,370 : INFO : ********************Login successful**************************
2022-05-14 22:32:53,370 : INFO : ********************start Test_003_AddCustomer**************************
2022-05-14 22:33:03,618 : INFO : ********************provide customer info**************************
2022-05-14 22:33:44,999 : INFO : ********************Test_003_AddCustomer**************************
2022-05-14 22:33:52,891 : INFO : ********************Login successful**************************
2022-05-14 22:33:52,891 : INFO : ********************start Test_003_AddCustomer**************************
2022-05-14 22:34:04,029 : INFO : ********************provide customer info**************************
2022-05-14 22:42:08,230 : INFO : ********************Test_003_AddCustomer**************************
2022-05-14 22:42:15,009 : INFO : ********************Login successful**************************
2022-05-14 22:42:15,009 : INFO : ********************start Test_003_AddCustomer**************************
2022-05-14 22:42:25,037 : INFO : ********************provide customer info**************************
2022-05-14 22:45:09,958 : INFO : ********************Test_003_AddCustomer**************************
2022-05-14 22:45:16,198 : INFO : ********************Login successful**************************
2022-05-14 22:45:16,198 : INFO : ********************start Test_003_AddCustomer**************************
2022-05-14 22:45:25,860 : INFO : ********************provide customer info**************************
2022-05-14 22:52:20,654 : INFO : ********************Test_003_AddCustomer**************************
2022-05-14 22:52:27,022 : INFO : ********************Login successful**************************
2022-05-14 22:52:27,022 : INFO : ********************start Test_003_AddCustomer**************************
2022-05-14 22:52:36,231 : INFO : ********************provide customer info**************************
2022-05-14 22:55:40,090 : INFO : ********************Test_003_AddCustomer**************************
2022-05-14 22:55:47,366 : INFO : ********************Login successful**************************
2022-05-14 22:55:47,366 : INFO : ********************start Test_003_AddCustomer**************************
2022-05-14 22:55:55,580 : INFO : ********************provide customer info**************************
2022-05-14 23:00:37,347 : INFO : ********************Test_003_AddCustomer**************************
2022-05-14 23:00:43,399 : INFO : ********************Login successful**************************
2022-05-14 23:00:43,400 : INFO : ********************start Test_003_AddCustomer**************************
2022-05-14 23:00:53,027 : INFO : ********************provide customer info**************************
2022-05-14 23:10:16,405 : INFO : ********************Test_003_AddCustomer**************************
2022-05-14 23:10:23,646 : INFO : ********************Login successful**************************
2022-05-14 23:10:23,647 : INFO : ********************start Test_003_AddCustomer**************************
2022-05-14 23:10:34,065 : INFO : ********************provide customer info**************************
2022-05-14 23:14:01,322 : INFO : ********************Test_003_AddCustomer**************************
2022-05-14 23:14:07,379 : INFO : ********************Login successful**************************
2022-05-14 23:14:07,379 : INFO : ********************start Test_003_AddCustomer**************************
2022-05-14 23:14:17,816 : INFO : ********************provide customer info**************************
2022-05-14 23:20:16,784 : INFO : ********************Test_003_AddCustomer**************************
2022-05-14 23:20:16,784 : INFO : ********************Test_003_AddCustomer**************************
2022-05-14 23:20:22,921 : INFO : ********************Login successful**************************
2022-05-14 23:20:22,921 : INFO : ********************Login successful**************************
2022-05-14 23:20:22,922 : INFO : ********************start Test_003_AddCustomer**************************
2022-05-14 23:20:22,922 : INFO : ********************start Test_003_AddCustomer**************************
2022-05-14 23:20:31,438 : INFO : ********************provide customer info**************************
2022-05-14 23:20:31,438 : INFO : ********************provide customer info**************************
2022-05-14 23:20:36,864 : INFO : go to vendors branch************************************
2022-05-14 23:20:36,864 : INFO : go to vendors branch************************************
2022-05-14 23:25:12,832 : INFO : ********************Test_003_AddCustomer**************************
2022-05-14 23:25:12,832 : INFO : ********************Test_003_AddCustomer**************************
2022-05-14 23:25:19,198 : INFO : ********************Login successful**************************
2022-05-14 23:25:19,198 : INFO : ********************Login successful**************************
2022-05-14 23:25:19,199 : INFO : ********************start Test_003_AddCustomer**************************
2022-05-14 23:25:19,199 : INFO : ********************start Test_003_AddCustomer**************************
2022-05-14 23:25:28,139 : INFO : ********************provide customer info**************************
2022-05-14 23:25:28,139 : INFO : ********************provide customer info**************************
2022-05-14 23:25:33,279 : INFO : go to vendors branch************************************
2022-05-14 23:25:33,279 : INFO : go to vendors branch************************************
2022-05-14 23:25:33,287 : INFO : Vendor element is***************************************:<selenium.webdriver.remote.webelement.WebElement (session="bd96d9694507f4dc9afde196f54184ae", element="e3501960-5e21-401c-be10-ddec35dbc45f")>
2022-05-14 23:25:33,287 : INFO : Vendor element is***************************************:<selenium.webdriver.remote.webelement.WebElement (session="bd96d9694507f4dc9afde196f54184ae", element="e3501960-5e21-401c-be10-ddec35dbc45f")>
2022-05-15 10:11:20,888 : INFO : ********************Test_003_AddCustomer**************************
2022-05-15 10:11:20,888 : INFO : ********************Test_003_AddCustomer**************************
2022-05-15 10:11:39,210 : INFO : ********************Login successful**************************
2022-05-15 10:11:39,210 : INFO : ********************Login successful**************************
2022-05-15 10:11:39,210 : INFO : ********************start Test_003_AddCustomer**************************
2022-05-15 10:11:39,210 : INFO : ********************start Test_003_AddCustomer**************************
2022-05-15 10:11:49,421 : INFO : ********************provide customer info**************************
2022-05-15 10:11:49,421 : INFO : ********************provide customer info**************************
2022-05-15 10:11:54,538 : INFO : go to vendors branch************************************
2022-05-15 10:11:54,538 : INFO : go to vendors branch************************************
2022-05-15 10:11:54,546 : INFO : Vendor element is***************************************:<selenium.webdriver.remote.webelement.WebElement (session="eb168bc4fae15d67f8a336c38bf625ed", element="7941915e-7dae-4a32-ba7f-4cfc89ba279b")>
2022-05-15 10:11:54,546 : INFO : Vendor element is***************************************:<selenium.webdriver.remote.webelement.WebElement (session="eb168bc4fae15d67f8a336c38bf625ed", element="7941915e-7dae-4a32-ba7f-4cfc89ba279b")>
2022-05-15 15:21:07,824 : INFO : ********************Test_003_AddCustomer**************************
2022-05-15 15:21:07,824 : INFO : ********************Test_003_AddCustomer**************************
2022-05-15 15:21:13,226 : INFO : ********************Login successful**************************
2022-05-15 15:21:13,226 : INFO : ********************Login successful**************************
2022-05-15 15:21:13,226 : INFO : ********************start Test_003_AddCustomer**************************
2022-05-15 15:21:13,226 : INFO : ********************start Test_003_AddCustomer**************************
2022-05-15 15:21:21,578 : INFO : ********************provide customer info**************************
2022-05-15 15:21:21,578 : INFO : ********************provide customer info**************************
2022-05-15 15:21:26,959 : INFO : go to vendors branch************************************
2022-05-15 15:21:26,959 : INFO : go to vendors branch************************************
2022-05-15 15:21:26,967 : INFO : Vendor element is***************************************:<selenium.webdriver.remote.webelement.WebElement (session="af6c723c3041167135b87c5e98670978", element="eb98e0e2-b6b3-40b4-99ac-9350e409ef8b")>
2022-05-15 15:21:26,967 : INFO : Vendor element is***************************************:<selenium.webdriver.remote.webelement.WebElement (session="af6c723c3041167135b87c5e98670978", element="eb98e0e2-b6b3-40b4-99ac-9350e409ef8b")>
2022-05-15 15:21:26,967 : INFO : self.listitem is***************************************:<selenium.webdriver.remote.webelement.WebElement (session="af6c723c3041167135b87c5e98670978", element="eb98e0e2-b6b3-40b4-99ac-9350e409ef8b")>
2022-05-15 15:21:26,967 : INFO : self.listitem is***************************************:<selenium.webdriver.remote.webelement.WebElement (session="af6c723c3041167135b87c5e98670978", element="eb98e0e2-b6b3-40b4-99ac-9350e409ef8b")>
2022-05-15 15:30:56,402 : INFO : ********************Test_003_AddCustomer**************************
2022-05-15 15:30:56,402 : INFO : ********************Test_003_AddCustomer**************************
2022-05-15 15:31:01,663 : INFO : ********************Login successful**************************
2022-05-15 15:31:01,663 : INFO : ********************Login successful**************************
2022-05-15 15:31:01,663 : INFO : ********************start Test_003_AddCustomer**************************
2022-05-15 15:31:01,663 : INFO : ********************start Test_003_AddCustomer**************************
2022-05-15 15:31:10,722 : INFO : ********************provide customer info**************************
2022-05-15 15:31:10,722 : INFO : ********************provide customer info**************************
2022-05-15 15:31:15,850 : INFO : go to vendors branch************************************
2022-05-15 15:31:15,850 : INFO : go to vendors branch************************************
2022-05-15 15:31:15,858 : INFO : Vendor element is***************************************:<selenium.webdriver.remote.webelement.WebElement (session="77e4d9209755dc811c155b56da10c776", element="11d17aa9-19dd-433e-bbfc-3b80959076f6")>
2022-05-15 15:31:15,858 : INFO : Vendor element is***************************************:<selenium.webdriver.remote.webelement.WebElement (session="77e4d9209755dc811c155b56da10c776", element="11d17aa9-19dd-433e-bbfc-3b80959076f6")>
2022-05-15 15:31:15,858 : INFO : self.listitem is***************************************:<selenium.webdriver.remote.webelement.WebElement (session="77e4d9209755dc811c155b56da10c776", element="11d17aa9-19dd-433e-bbfc-3b80959076f6")>
2022-05-15 15:31:15,858 : INFO : self.listitem is***************************************:<selenium.webdriver.remote.webelement.WebElement (session="77e4d9209755dc811c155b56da10c776", element="11d17aa9-19dd-433e-bbfc-3b80959076f6")>
2022-05-15 15:41:10,629 : INFO : ********************Test_003_AddCustomer**************************
2022-05-15 15:41:10,629 : INFO : ********************Test_003_AddCustomer**************************
2022-05-15 15:41:17,778 : INFO : ********************Login successful**************************
2022-05-15 15:41:17,778 : INFO : ********************Login successful**************************
2022-05-15 15:41:17,778 : INFO : ********************start Test_003_AddCustomer**************************
2022-05-15 15:41:17,778 : INFO : ********************start Test_003_AddCustomer**************************
2022-05-15 15:41:26,888 : INFO : ********************provide customer info**************************
2022-05-15 15:41:26,888 : INFO : ********************provide customer info**************************
2022-05-15 15:41:32,010 : INFO : go to vendors branch************************************
2022-05-15 15:41:32,010 : INFO : go to vendors branch************************************
2022-05-15 15:41:32,019 : INFO : Vendor element is***************************************:<selenium.webdriver.remote.webelement.WebElement (session="c48f7cf105ecc1db1bb35b9fc29feeb2", element="05e17ebb-eae9-4e1d-9abc-eac8f8967c65")>
2022-05-15 15:41:32,019 : INFO : Vendor element is***************************************:<selenium.webdriver.remote.webelement.WebElement (session="c48f7cf105ecc1db1bb35b9fc29feeb2", element="05e17ebb-eae9-4e1d-9abc-eac8f8967c65")>
2022-05-15 15:41:32,019 : INFO : self.listitem is***************************************:<selenium.webdriver.remote.webelement.WebElement (session="c48f7cf105ecc1db1bb35b9fc29feeb2", element="05e17ebb-eae9-4e1d-9abc-eac8f8967c65")>
2022-05-15 15:41:32,019 : INFO : self.listitem is***************************************:<selenium.webdriver.remote.webelement.WebElement (session="c48f7cf105ecc1db1bb35b9fc29feeb2", element="05e17ebb-eae9-4e1d-9abc-eac8f8967c65")>
2022-05-15 15:41:33,475 : INFO : ********************add customer info complete**************************
2022-05-15 15:41:33,475 : INFO : ********************add customer info complete**************************
2022-05-15 15:41:33,475 : INFO : ********************validate customer info**************************
2022-05-15 15:41:33,475 : INFO : ********************validate customer info**************************
2022-05-15 15:41:33,881 : INFO : ********************add customer info passed**************************
2022-05-15 15:41:33,881 : INFO : ********************add customer info passed**************************
2022-05-15 15:43:50,558 : INFO : ********************Test_003_AddCustomer**************************
2022-05-15 15:43:50,558 : INFO : ********************Test_003_AddCustomer**************************
2022-05-15 15:43:56,943 : INFO : ********************Login successful**************************
2022-05-15 15:43:56,943 : INFO : ********************Login successful**************************
2022-05-15 15:43:56,943 : INFO : ********************start Test_003_AddCustomer**************************
2022-05-15 15:43:56,943 : INFO : ********************start Test_003_AddCustomer**************************
2022-05-15 15:44:03,845 : INFO : ********************provide customer info**************************
2022-05-15 15:44:03,845 : INFO : ********************provide customer info**************************
2022-05-15 15:44:08,894 : INFO : go to vendors branch************************************
2022-05-15 15:44:08,894 : INFO : go to vendors branch************************************
2022-05-15 15:44:08,897 : INFO : Vendor element is***************************************:<selenium.webdriver.remote.webelement.WebElement (session="64d0b873-9502-4305-bced-fe7518340cac", element="7b843a0c-cff7-4123-93b9-91e4a25fdf10")>
2022-05-15 15:44:08,897 : INFO : Vendor element is***************************************:<selenium.webdriver.remote.webelement.WebElement (session="64d0b873-9502-4305-bced-fe7518340cac", element="7b843a0c-cff7-4123-93b9-91e4a25fdf10")>
2022-05-15 15:44:08,897 : INFO : self.listitem is***************************************:<selenium.webdriver.remote.webelement.WebElement (session="64d0b873-9502-4305-bced-fe7518340cac", element="7b843a0c-cff7-4123-93b9-91e4a25fdf10")>
2022-05-15 15:44:08,897 : INFO : self.listitem is***************************************:<selenium.webdriver.remote.webelement.WebElement (session="64d0b873-9502-4305-bced-fe7518340cac", element="7b843a0c-cff7-4123-93b9-91e4a25fdf10")>
2022-05-15 15:44:10,963 : INFO : ********************add customer info complete**************************
2022-05-15 15:44:10,963 : INFO : ********************add customer info complete**************************
2022-05-15 15:44:10,963 : INFO : ********************validate customer info**************************
2022-05-15 15:44:10,963 : INFO : ********************validate customer info**************************
2022-05-15 15:44:11,759 : INFO : ********************add customer info passed**************************
2022-05-15 15:44:11,759 : INFO : ********************add customer info passed**************************
2022-05-15 15:45:13,966 : INFO : ********************Test_003_AddCustomer**************************
2022-05-15 15:45:13,966 : INFO : ********************Test_003_AddCustomer**************************
2022-05-15 15:45:22,782 : INFO : ********************Login successful**************************
2022-05-15 15:45:22,782 : INFO : ********************Login successful**************************
2022-05-15 15:45:22,782 : INFO : ********************start Test_003_AddCustomer**************************
2022-05-15 15:45:22,782 : INFO : ********************start Test_003_AddCustomer**************************
2022-05-15 15:45:32,243 : INFO : ********************provide customer info**************************
2022-05-15 15:45:32,243 : INFO : ********************provide customer info**************************
2022-05-15 15:45:37,739 : INFO : go to vendors branch************************************
2022-05-15 15:45:37,739 : INFO : go to vendors branch************************************
2022-05-15 15:45:37,747 : INFO : Vendor element is***************************************:<selenium.webdriver.remote.webelement.WebElement (session="30fd3234b996a925ead60fa9e45c3a34", element="da188e35-b02a-4d0b-8d4d-3627bc11f17d")>
2022-05-15 15:45:37,747 : INFO : Vendor element is***************************************:<selenium.webdriver.remote.webelement.WebElement (session="30fd3234b996a925ead60fa9e45c3a34", element="da188e35-b02a-4d0b-8d4d-3627bc11f17d")>
2022-05-15 15:45:37,747 : INFO : self.listitem is***************************************:<selenium.webdriver.remote.webelement.WebElement (session="30fd3234b996a925ead60fa9e45c3a34", element="da188e35-b02a-4d0b-8d4d-3627bc11f17d")>
2022-05-15 15:45:37,747 : INFO : self.listitem is***************************************:<selenium.webdriver.remote.webelement.WebElement (session="30fd3234b996a925ead60fa9e45c3a34", element="da188e35-b02a-4d0b-8d4d-3627bc11f17d")>
2022-05-15 15:45:39,743 : INFO : ********************add customer info complete**************************
2022-05-15 15:45:39,743 : INFO : ********************add customer info complete**************************
2022-05-15 15:45:39,743 : INFO : ********************validate customer info**************************
2022-05-15 15:45:39,743 : INFO : ********************validate customer info**************************
2022-05-15 15:45:39,887 : INFO : ********************add customer info passed**************************
2022-05-15 15:45:39,887 : INFO : ********************add customer info passed**************************
2022-05-15 15:45:41,761 : INFO : ********************Test_003_AddCustomer**************************
2022-05-15 15:45:41,761 : INFO : ********************Test_003_AddCustomer**************************
2022-05-15 15:45:48,425 : INFO : ********************Login successful**************************
2022-05-15 15:45:48,425 : INFO : ********************Login successful**************************
2022-05-15 15:45:48,425 : INFO : ********************start Test_003_AddCustomer**************************
2022-05-15 15:45:48,425 : INFO : ********************start Test_003_AddCustomer**************************
2022-05-15 15:45:55,802 : INFO : ********************provide customer info**************************
2022-05-15 15:45:55,802 : INFO : ********************provide customer info**************************
2022-05-15 15:46:00,854 : INFO : go to vendors branch************************************
2022-05-15 15:46:00,854 : INFO : go to vendors branch************************************
2022-05-15 15:46:00,857 : INFO : Vendor element is***************************************:<selenium.webdriver.remote.webelement.WebElement (session="3b02efda-b89b-4751-9df9-cf9d49d91618", element="0b1d0b86-de75-44c2-ae70-f5a2c522424a")>
2022-05-15 15:46:00,857 : INFO : Vendor element is***************************************:<selenium.webdriver.remote.webelement.WebElement (session="3b02efda-b89b-4751-9df9-cf9d49d91618", element="0b1d0b86-de75-44c2-ae70-f5a2c522424a")>
2022-05-15 15:46:00,857 : INFO : self.listitem is***************************************:<selenium.webdriver.remote.webelement.WebElement (session="3b02efda-b89b-4751-9df9-cf9d49d91618", element="0b1d0b86-de75-44c2-ae70-f5a2c522424a")>
2022-05-15 15:46:00,857 : INFO : self.listitem is***************************************:<selenium.webdriver.remote.webelement.WebElement (session="3b02efda-b89b-4751-9df9-cf9d49d91618", element="0b1d0b86-de75-44c2-ae70-f5a2c522424a")>
2022-05-15 15:46:03,081 : INFO : ********************add customer info complete**************************
2022-05-15 15:46:03,081 : INFO : ********************add customer info complete**************************
2022-05-15 15:46:03,081 : INFO : ********************validate customer info**************************
2022-05-15 15:46:03,081 : INFO : ********************validate customer info**************************
2022-05-15 15:46:03,950 : INFO : ********************add customer info passed**************************
2022-05-15 15:46:03,950 : INFO : ********************add customer info passed**************************
2022-05-15 16:21:09,766 : INFO : ********************Test_003_AddCustomer**************************
2022-05-15 16:21:09,766 : INFO : ********************Test_003_AddCustomer**************************
2022-05-15 16:21:16,426 : INFO : ********************Login successful**************************
2022-05-15 16:21:16,426 : INFO : ********************Login successful**************************
2022-05-15 16:21:16,426 : INFO : ********************start Test_003_AddCustomer**************************
2022-05-15 16:21:16,426 : INFO : ********************start Test_003_AddCustomer**************************
2022-05-15 16:21:28,289 : INFO : ********************provide customer info**************************
2022-05-15 16:21:28,289 : INFO : ********************provide customer info**************************
2022-05-15 16:21:33,413 : INFO : go to vendors branch************************************
2022-05-15 16:21:33,413 : INFO : go to vendors branch************************************
2022-05-15 16:21:33,420 : INFO : Vendor element is***************************************:<selenium.webdriver.remote.webelement.WebElement (session="7b2d346033010e56ff2de812470081e5", element="6b0c82b5-9286-4a19-9654-016f6d4d1fb1")>
2022-05-15 16:21:33,420 : INFO : Vendor element is***************************************:<selenium.webdriver.remote.webelement.WebElement (session="7b2d346033010e56ff2de812470081e5", element="6b0c82b5-9286-4a19-9654-016f6d4d1fb1")>
2022-05-15 16:21:33,420 : INFO : self.listitem is***************************************:<selenium.webdriver.remote.webelement.WebElement (session="7b2d346033010e56ff2de812470081e5", element="6b0c82b5-9286-4a19-9654-016f6d4d1fb1")>
2022-05-15 16:21:33,420 : INFO : self.listitem is***************************************:<selenium.webdriver.remote.webelement.WebElement (session="7b2d346033010e56ff2de812470081e5", element="6b0c82b5-9286-4a19-9654-016f6d4d1fb1")>
2022-05-15 16:21:35,398 : INFO : ********************add customer info complete**************************
2022-05-15 16:21:35,398 : INFO : ********************add customer info complete**************************
2022-05-15 16:21:35,398 : INFO : ********************validate customer info**************************
2022-05-15 16:21:35,398 : INFO : ********************validate customer info**************************
2022-05-15 16:21:35,539 : INFO : ********************add customer info passed**************************
2022-05-15 16:21:35,539 : INFO : ********************add customer info passed**************************
2022-05-15 16:21:37,521 : INFO : ********************Test_003_AddCustomer**************************
2022-05-15 16:21:37,521 : INFO : ********************Test_003_AddCustomer**************************
2022-05-15 16:21:43,913 : INFO : ********************Login successful**************************
2022-05-15 16:21:43,913 : INFO : ********************Login successful**************************
2022-05-15 16:21:43,913 : INFO : ********************start Test_003_AddCustomer**************************
2022-05-15 16:21:43,913 : INFO : ********************start Test_003_AddCustomer**************************
2022-05-15 16:21:50,261 : INFO : ********************provide customer info**************************
2022-05-15 16:21:50,261 : INFO : ********************provide customer info**************************
2022-05-15 16:21:55,334 : INFO : go to vendors branch************************************
2022-05-15 16:21:55,334 : INFO : go to vendors branch************************************
2022-05-15 16:21:55,337 : INFO : Vendor element is***************************************:<selenium.webdriver.remote.webelement.WebElement (session="08d16373-2a24-4f6e-82f3-ec16ae35c07b", element="7c7dfea5-108f-423e-a970-af39d52c3539")>
2022-05-15 16:21:55,337 : INFO : Vendor element is***************************************:<selenium.webdriver.remote.webelement.WebElement (session="08d16373-2a24-4f6e-82f3-ec16ae35c07b", element="7c7dfea5-108f-423e-a970-af39d52c3539")>
2022-05-15 16:21:55,337 : INFO : self.listitem is***************************************:<selenium.webdriver.remote.webelement.WebElement (session="08d16373-2a24-4f6e-82f3-ec16ae35c07b", element="7c7dfea5-108f-423e-a970-af39d52c3539")>
2022-05-15 16:21:55,337 : INFO : self.listitem is***************************************:<selenium.webdriver.remote.webelement.WebElement (session="08d16373-2a24-4f6e-82f3-ec16ae35c07b", element="7c7dfea5-108f-423e-a970-af39d52c3539")>
2022-05-15 16:21:56,524 : INFO : ********************add customer info complete**************************
2022-05-15 16:21:56,524 : INFO : ********************add customer info complete**************************
2022-05-15 16:21:56,524 : INFO : ********************validate customer info**************************
2022-05-15 16:21:56,524 : INFO : ********************validate customer info**************************
2022-05-15 17:52:33,232 : INFO : ********************Test_003_AddCustomer**************************
2022-05-15 17:52:33,232 : INFO : ********************Test_003_AddCustomer**************************
2022-05-15 17:53:41,467 : INFO : ********************Test_003_AddCustomer**************************
2022-05-15 17:53:41,467 : INFO : ********************Test_003_AddCustomer**************************
2022-05-15 17:53:46,716 : INFO : ********************Login successful**************************
2022-05-15 17:53:46,716 : INFO : ********************Login successful**************************
2022-05-15 17:53:46,716 : INFO : ********************start Test_003_AddCustomer**************************
2022-05-15 17:53:46,716 : INFO : ********************start Test_003_AddCustomer**************************
2022-05-15 17:53:57,966 : INFO : ********************provide customer info**************************
2022-05-15 17:53:57,966 : INFO : ********************provide customer info**************************
2022-05-15 17:56:54,513 : INFO : ************Test_001_Login verify login page**************
2022-05-15 17:56:54,524 : INFO : ************Test_001_Login **************
2022-05-15 17:56:54,524 : INFO : ************verify home page title **************
2022-05-15 17:56:56,546 : INFO : ************Test_001_Login passed **************
2022-05-15 17:56:59,754 : INFO : ************Test_001_Login verify login page passed**************
2022-05-15 17:57:59,408 : INFO : ********************Test_003_AddCustomer**************************
2022-05-15 17:57:59,408 : INFO : ********************Test_003_AddCustomer**************************
2022-05-15 17:58:03,390 : INFO : ********************Login successful**************************
2022-05-15 17:58:03,390 : INFO : ********************Login successful**************************
2022-05-15 17:58:03,391 : INFO : ********************start Test_003_AddCustomer**************************
2022-05-15 17:58:03,391 : INFO : ********************start Test_003_AddCustomer**************************
2022-05-15 17:58:13,194 : INFO : ********************provide customer info**************************
2022-05-15 17:58:13,194 : INFO : ********************provide customer info**************************
2022-05-15 17:58:23,454 : INFO : self.listitem is***************************************:<selenium.webdriver.remote.webelement.WebElement (session="3655c98a2b1a6b79e3e97fd382870a67", element="f66dce46-c703-4363-919f-0e354bca41f4")>
2022-05-15 17:58:23,454 : INFO : self.listitem is***************************************:<selenium.webdriver.remote.webelement.WebElement (session="3655c98a2b1a6b79e3e97fd382870a67", element="f66dce46-c703-4363-919f-0e354bca41f4")>
2022-05-15 17:58:27,459 : WARNING : Retrying (Retry(total=2, connect=None, read=None, redirect=None, status=None)) after connection broken by 'NewConnectionError('<urllib3.connection.HTTPConnection object at 0x0000020367C8C250>: Failed to establish a new connection: [WinError 10061] No connection could be made because the target machine actively refused it')': /session/3655c98a2b1a6b79e3e97fd382870a67/execute/sync
2022-05-15 17:58:27,459 : WARNING : Retrying (Retry(total=2, connect=None, read=None, redirect=None, status=None)) after connection broken by 'NewConnectionError('<urllib3.connection.HTTPConnection object at 0x0000020367C8C250>: Failed to establish a new connection: [WinError 10061] No connection could be made because the target machine actively refused it')': /session/3655c98a2b1a6b79e3e97fd382870a67/execute/sync
2022-05-15 17:58:31,464 : WARNING : Retrying (Retry(total=1, connect=None, read=None, redirect=None, status=None)) after connection broken by 'NewConnectionError('<urllib3.connection.HTTPConnection object at 0x0000020367CA7820>: Failed to establish a new connection: [WinError 10061] No connection could be made because the target machine actively refused it')': /session/3655c98a2b1a6b79e3e97fd382870a67/execute/sync
2022-05-15 17:58:31,464 : WARNING : Retrying (Retry(total=1, connect=None, read=None, redirect=None, status=None)) after connection broken by 'NewConnectionError('<urllib3.connection.HTTPConnection object at 0x0000020367CA7820>: Failed to establish a new connection: [WinError 10061] No connection could be made because the target machine actively refused it')': /session/3655c98a2b1a6b79e3e97fd382870a67/execute/sync
2022-05-15 17:58:35,470 : WARNING : Retrying (Retry(total=0, connect=None, read=None, redirect=None, status=None)) after connection broken by 'NewConnectionError('<urllib3.connection.HTTPConnection object at 0x0000020367CA7B20>: Failed to establish a new connection: [WinError 10061] No connection could be made because the target machine actively refused it')': /session/3655c98a2b1a6b79e3e97fd382870a67/execute/sync
2022-05-15 17:58:35,470 : WARNING : Retrying (Retry(total=0, connect=None, read=None, redirect=None, status=None)) after connection broken by 'NewConnectionError('<urllib3.connection.HTTPConnection object at 0x0000020367CA7B20>: Failed to establish a new connection: [WinError 10061] No connection could be made because the target machine actively refused it')': /session/3655c98a2b1a6b79e3e97fd382870a67/execute/sync
2022-05-15 18:01:52,504 : INFO : ********************Test_003_AddCustomer**************************
2022-05-15 18:01:52,504 : INFO : ********************Test_003_AddCustomer**************************
2022-05-15 18:01:58,211 : INFO : ********************Login successful**************************
2022-05-15 18:01:58,211 : INFO : ********************Login successful**************************
2022-05-15 18:01:58,211 : INFO : ********************start Test_003_AddCustomer**************************
2022-05-15 18:01:58,211 : INFO : ********************start Test_003_AddCustomer**************************
2022-05-15 18:02:07,030 : INFO : ********************provide customer info**************************
2022-05-15 18:02:07,030 : INFO : ********************provide customer info**************************
2022-05-15 18:02:17,551 : INFO : self.listitem is***************************************:<selenium.webdriver.remote.webelement.WebElement (session="3150ca3724c7da189615f32292ee6dd7", element="46f69804-cdaf-4cd3-ac07-7f00ccb00551")>
2022-05-15 18:02:17,551 : INFO : self.listitem is***************************************:<selenium.webdriver.remote.webelement.WebElement (session="3150ca3724c7da189615f32292ee6dd7", element="46f69804-cdaf-4cd3-ac07-7f00ccb00551")>
2022-05-15 18:02:21,557 : WARNING : Retrying (Retry(total=2, connect=None, read=None, redirect=None, status=None)) after connection broken by 'NewConnectionError('<urllib3.connection.HTTPConnection object at 0x0000012475C3C0A0>: Failed to establish a new connection: [WinError 10061] No connection could be made because the target machine actively refused it')': /session/3150ca3724c7da189615f32292ee6dd7/execute/sync
2022-05-15 18:02:21,557 : WARNING : Retrying (Retry(total=2, connect=None, read=None, redirect=None, status=None)) after connection broken by 'NewConnectionError('<urllib3.connection.HTTPConnection object at 0x0000012475C3C0A0>: Failed to establish a new connection: [WinError 10061] No connection could be made because the target machine actively refused it')': /session/3150ca3724c7da189615f32292ee6dd7/execute/sync
2022-05-15 18:02:25,563 : WARNING : Retrying (Retry(total=1, connect=None, read=None, redirect=None, status=None)) after connection broken by 'NewConnectionError('<urllib3.connection.HTTPConnection object at 0x0000012475C576A0>: Failed to establish a new connection: [WinError 10061] No connection could be made because the target machine actively refused it')': /session/3150ca3724c7da189615f32292ee6dd7/execute/sync
2022-05-15 18:02:25,563 : WARNING : Retrying (Retry(total=1, connect=None, read=None, redirect=None, status=None)) after connection broken by 'NewConnectionError('<urllib3.connection.HTTPConnection object at 0x0000012475C576A0>: Failed to establish a new connection: [WinError 10061] No connection could be made because the target machine actively refused it')': /session/3150ca3724c7da189615f32292ee6dd7/execute/sync
2022-05-15 18:02:29,566 : WARNING : Retrying (Retry(total=0, connect=None, read=None, redirect=None, status=None)) after connection broken by 'NewConnectionError('<urllib3.connection.HTTPConnection object at 0x0000012475C57A30>: Failed to establish a new connection: [WinError 10061] No connection could be made because the target machine actively refused it')': /session/3150ca3724c7da189615f32292ee6dd7/execute/sync
2022-05-15 18:02:29,566 : WARNING : Retrying (Retry(total=0, connect=None, read=None, redirect=None, status=None)) after connection broken by 'NewConnectionError('<urllib3.connection.HTTPConnection object at 0x0000012475C57A30>: Failed to establish a new connection: [WinError 10061] No connection could be made because the target machine actively refused it')': /session/3150ca3724c7da189615f32292ee6dd7/execute/sync
2022-05-15 20:44:59,440 : INFO : ********************Test_003_AddCustomer**************************
2022-05-15 20:44:59,440 : INFO : ********************Test_003_AddCustomer**************************
2022-05-15 20:45:14,613 : INFO : ********************Login successful**************************
2022-05-15 20:45:14,613 : INFO : ********************Login successful**************************
2022-05-15 20:45:14,613 : INFO : ********************start Test_003_AddCustomer**************************
2022-05-15 20:45:14,613 : INFO : ********************start Test_003_AddCustomer**************************
2022-05-15 20:45:26,598 : INFO : ********************provide customer info**************************
2022-05-15 20:45:26,598 : INFO : ********************provide customer info**************************
2022-05-15 20:45:36,887 : INFO : self.listitem is***************************************:<selenium.webdriver.remote.webelement.WebElement (session="a83e064544def711e8efdac5f07e64c0", element="e8492fbb-9bd4-44c2-849e-57472176c538")>
2022-05-15 20:45:36,887 : INFO : self.listitem is***************************************:<selenium.webdriver.remote.webelement.WebElement (session="a83e064544def711e8efdac5f07e64c0", element="e8492fbb-9bd4-44c2-849e-57472176c538")>
2022-05-15 20:45:40,910 : WARNING : Retrying (Retry(total=2, connect=None, read=None, redirect=None, status=None)) after connection broken by 'NewConnectionError('<urllib3.connection.HTTPConnection object at 0x000001DD41DED040>: Failed to establish a new connection: [WinError 10061] No connection could be made because the target machine actively refused it')': /session/a83e064544def711e8efdac5f07e64c0/execute/sync
2022-05-15 20:45:40,910 : WARNING : Retrying (Retry(total=2, connect=None, read=None, redirect=None, status=None)) after connection broken by 'NewConnectionError('<urllib3.connection.HTTPConnection object at 0x000001DD41DED040>: Failed to establish a new connection: [WinError 10061] No connection could be made because the target machine actively refused it')': /session/a83e064544def711e8efdac5f07e64c0/execute/sync
2022-05-15 20:45:44,930 : WARNING : Retrying (Retry(total=1, connect=None, read=None, redirect=None, status=None)) after connection broken by 'NewConnectionError('<urllib3.connection.HTTPConnection object at 0x000001DD41E08640>: Failed to establish a new connection: [WinError 10061] No connection could be made because the target machine actively refused it')': /session/a83e064544def711e8efdac5f07e64c0/execute/sync
2022-05-15 20:45:44,930 : WARNING : Retrying (Retry(total=1, connect=None, read=None, redirect=None, status=None)) after connection broken by 'NewConnectionError('<urllib3.connection.HTTPConnection object at 0x000001DD41E08640>: Failed to establish a new connection: [WinError 10061] No connection could be made because the target machine actively refused it')': /session/a83e064544def711e8efdac5f07e64c0/execute/sync
2022-05-15 20:45:48,988 : WARNING : Retrying (Retry(total=0, connect=None, read=None, redirect=None, status=None)) after connection broken by 'NewConnectionError('<urllib3.connection.HTTPConnection object at 0x000001DD41E089D0>: Failed to establish a new connection: [WinError 10061] No connection could be made because the target machine actively refused it')': /session/a83e064544def711e8efdac5f07e64c0/execute/sync
2022-05-15 20:45:48,988 : WARNING : Retrying (Retry(total=0, connect=None, read=None, redirect=None, status=None)) after connection broken by 'NewConnectionError('<urllib3.connection.HTTPConnection object at 0x000001DD41E089D0>: Failed to establish a new connection: [WinError 10061] No connection could be made because the target machine actively refused it')': /session/a83e064544def711e8efdac5f07e64c0/execute/sync
2022-05-15 20:47:27,132 : INFO : ********************Test_003_AddCustomer**************************
2022-05-15 20:47:27,132 : INFO : ********************Test_003_AddCustomer**************************
2022-05-15 20:47:32,548 : INFO : ********************Login successful**************************
2022-05-15 20:47:32,548 : INFO : ********************Login successful**************************
2022-05-15 20:47:32,549 : INFO : ********************start Test_003_AddCustomer**************************
2022-05-15 20:47:32,549 : INFO : ********************start Test_003_AddCustomer**************************
2022-05-15 20:47:40,634 : INFO : ********************provide customer info**************************
2022-05-15 20:47:40,634 : INFO : ********************provide customer info**************************
2022-05-15 20:47:46,121 : INFO : go to vendors branch************************************
2022-05-15 20:47:46,121 : INFO : go to vendors branch************************************
2022-05-15 20:47:46,128 : INFO : Vendor element is***************************************:<selenium.webdriver.remote.webelement.WebElement (session="668eea82f1464c9e7d755e279f71439c", element="9868b73d-372d-400f-92af-c6ec349d43fe")>
2022-05-15 20:47:46,128 : INFO : Vendor element is***************************************:<selenium.webdriver.remote.webelement.WebElement (session="668eea82f1464c9e7d755e279f71439c", element="9868b73d-372d-400f-92af-c6ec349d43fe")>
2022-05-15 20:47:46,128 : INFO : self.listitem is***************************************:<selenium.webdriver.remote.webelement.WebElement (session="668eea82f1464c9e7d755e279f71439c", element="9868b73d-372d-400f-92af-c6ec349d43fe")>
2022-05-15 20:47:46,128 : INFO : self.listitem is***************************************:<selenium.webdriver.remote.webelement.WebElement (session="668eea82f1464c9e7d755e279f71439c", element="9868b73d-372d-400f-92af-c6ec349d43fe")>
2022-05-15 20:47:47,906 : INFO : ********************add customer info complete**************************
2022-05-15 20:47:47,906 : INFO : ********************add customer info complete**************************
2022-05-15 20:47:47,906 : INFO : ********************validate customer info**************************
2022-05-15 20:47:47,906 : INFO : ********************validate customer info**************************
2022-05-15 20:47:48,380 : INFO : ********************add customer info passed**************************
2022-05-15 20:47:48,380 : INFO : ********************add customer info passed**************************
2022-05-15 20:49:05,047 : INFO : ********************Test_003_AddCustomer**************************
2022-05-15 20:49:05,047 : INFO : ********************Test_003_AddCustomer**************************
2022-05-15 20:49:10,183 : INFO : ********************Login successful**************************
2022-05-15 20:49:10,183 : INFO : ********************Login successful**************************
2022-05-15 20:49:10,183 : INFO : ********************start Test_003_AddCustomer**************************
2022-05-15 20:49:10,183 : INFO : ********************start Test_003_AddCustomer**************************
2022-05-15 20:49:18,277 : INFO : ********************provide customer info**************************
2022-05-15 20:49:18,277 : INFO : ********************provide customer info**************************
2022-05-15 20:49:23,430 : INFO : go to vendors branch************************************
2022-05-15 20:49:23,430 : INFO : go to vendors branch************************************
2022-05-15 20:49:23,440 : INFO : Vendor element is***************************************:<selenium.webdriver.remote.webelement.WebElement (session="875e95f906fc4adbf53088f05d3d742f", element="7fbbae78-28b8-4900-a264-31f08318655e")>
2022-05-15 20:49:23,440 : INFO : Vendor element is***************************************:<selenium.webdriver.remote.webelement.WebElement (session="875e95f906fc4adbf53088f05d3d742f", element="7fbbae78-28b8-4900-a264-31f08318655e")>
2022-05-15 20:49:23,440 : INFO : self.listitem is***************************************:<selenium.webdriver.remote.webelement.WebElement (session="875e95f906fc4adbf53088f05d3d742f", element="7fbbae78-28b8-4900-a264-31f08318655e")>
2022-05-15 20:49:23,440 : INFO : self.listitem is***************************************:<selenium.webdriver.remote.webelement.WebElement (session="875e95f906fc4adbf53088f05d3d742f", element="7fbbae78-28b8-4900-a264-31f08318655e")>
2022-05-15 20:49:25,264 : INFO : ********************add customer info complete**************************
2022-05-15 20:49:25,264 : INFO : ********************add customer info complete**************************
2022-05-15 20:49:25,264 : INFO : ********************validate customer info**************************
2022-05-15 20:49:25,264 : INFO : ********************validate customer info**************************
2022-05-15 20:49:25,391 : INFO : ********************add customer info passed**************************
2022-05-15 20:49:25,391 : INFO : ********************add customer info passed**************************
2022-05-15 20:49:27,421 : INFO : ********************Test_003_AddCustomer**************************
2022-05-15 20:49:27,421 : INFO : ********************Test_003_AddCustomer**************************
2022-05-15 20:49:32,014 : INFO : ********************Login successful**************************
2022-05-15 20:49:32,014 : INFO : ********************Login successful**************************
2022-05-15 20:49:32,014 : INFO : ********************start Test_003_AddCustomer**************************
2022-05-15 20:49:32,014 : INFO : ********************start Test_003_AddCustomer**************************
2022-05-15 20:49:38,779 : INFO : ********************provide customer info**************************
2022-05-15 20:49:38,779 : INFO : ********************provide customer info**************************
2022-05-15 20:49:43,851 : INFO : go to vendors branch************************************
2022-05-15 20:49:43,851 : INFO : go to vendors branch************************************
2022-05-15 20:49:43,851 : INFO : Vendor element is***************************************:<selenium.webdriver.remote.webelement.WebElement (session="fee73047-f03a-4fd9-b436-eb0de4bceb73", element="b42b18c1-b08c-4673-999b-729e9e2e78e8")>
2022-05-15 20:49:43,851 : INFO : Vendor element is***************************************:<selenium.webdriver.remote.webelement.WebElement (session="fee73047-f03a-4fd9-b436-eb0de4bceb73", element="b42b18c1-b08c-4673-999b-729e9e2e78e8")>
2022-05-15 20:49:43,851 : INFO : self.listitem is***************************************:<selenium.webdriver.remote.webelement.WebElement (session="fee73047-f03a-4fd9-b436-eb0de4bceb73", element="b42b18c1-b08c-4673-999b-729e9e2e78e8")>
2022-05-15 20:49:43,851 : INFO : self.listitem is***************************************:<selenium.webdriver.remote.webelement.WebElement (session="fee73047-f03a-4fd9-b436-eb0de4bceb73", element="b42b18c1-b08c-4673-999b-729e9e2e78e8")>
2022-05-15 20:49:44,947 : INFO : ********************add customer info complete**************************
2022-05-15 20:49:44,947 : INFO : ********************add customer info complete**************************
2022-05-15 20:49:44,947 : INFO : ********************validate customer info**************************
2022-05-15 20:49:44,947 : INFO : ********************validate customer info**************************
2022-05-16 08:58:26,704 : INFO : ********************Test_003_AddCustomer**************************
2022-05-16 08:58:26,704 : INFO : ********************Test_003_AddCustomer**************************
2022-05-16 08:59:11,455 : INFO : ********************Login successful**************************
2022-05-16 08:59:11,455 : INFO : ********************Login successful**************************
2022-05-16 08:59:11,456 : INFO : ********************start Test_003_AddCustomer**************************
2022-05-16 08:59:11,456 : INFO : ********************start Test_003_AddCustomer**************************
2022-05-16 08:59:22,537 : INFO : ********************provide customer info**************************
2022-05-16 08:59:22,537 : INFO : ********************provide customer info**************************
2022-05-16 08:59:27,649 : INFO : go to vendors branch************************************
2022-05-16 08:59:27,649 : INFO : go to vendors branch************************************
2022-05-16 08:59:27,657 : INFO : Vendor element is***************************************:<selenium.webdriver.remote.webelement.WebElement (session="7fc1ccb66a8a2c6372169120bc1d8c52", element="63d4c72f-b397-4a59-b7f9-f3ebada1a366")>
2022-05-16 08:59:27,657 : INFO : Vendor element is***************************************:<selenium.webdriver.remote.webelement.WebElement (session="7fc1ccb66a8a2c6372169120bc1d8c52", element="63d4c72f-b397-4a59-b7f9-f3ebada1a366")>
2022-05-16 08:59:27,657 : INFO : self.listitem is***************************************:<selenium.webdriver.remote.webelement.WebElement (session="7fc1ccb66a8a2c6372169120bc1d8c52", element="63d4c72f-b397-4a59-b7f9-f3ebada1a366")>
2022-05-16 08:59:27,657 : INFO : self.listitem is***************************************:<selenium.webdriver.remote.webelement.WebElement (session="7fc1ccb66a8a2c6372169120bc1d8c52", element="63d4c72f-b397-4a59-b7f9-f3ebada1a366")>
2022-05-16 08:59:29,662 : INFO : ********************add customer info complete**************************
2022-05-16 08:59:29,662 : INFO : ********************add customer info complete**************************
2022-05-16 08:59:29,662 : INFO : ********************validate customer info**************************
2022-05-16 08:59:29,662 : INFO : ********************validate customer info**************************
2022-05-16 08:59:29,813 : INFO : ********************add customer info passed**************************
2022-05-16 08:59:29,813 : INFO : ********************add customer info passed**************************
2022-05-16 08:59:31,683 : INFO : ********************Test_003_AddCustomer**************************
2022-05-16 08:59:31,683 : INFO : ********************Test_003_AddCustomer**************************
2022-05-16 08:59:35,821 : INFO : ********************Login successful**************************
2022-05-16 08:59:35,821 : INFO : ********************Login successful**************************
2022-05-16 08:59:35,821 : INFO : ********************start Test_003_AddCustomer**************************
2022-05-16 08:59:35,821 : INFO : ********************start Test_003_AddCustomer**************************
2022-05-16 08:59:42,567 : INFO : ********************provide customer info**************************
2022-05-16 08:59:42,567 : INFO : ********************provide customer info**************************
2022-05-16 08:59:47,641 : INFO : go to vendors branch************************************
2022-05-16 08:59:47,641 : INFO : go to vendors branch************************************
2022-05-16 08:59:47,644 : INFO : Vendor element is***************************************:<selenium.webdriver.remote.webelement.WebElement (session="42fadc94-5a9e-4328-9623-261c3592f1e3", element="62cbc8ea-49e7-4e3c-9f78-c6260a315c43")>
2022-05-16 08:59:47,644 : INFO : Vendor element is***************************************:<selenium.webdriver.remote.webelement.WebElement (session="42fadc94-5a9e-4328-9623-261c3592f1e3", element="62cbc8ea-49e7-4e3c-9f78-c6260a315c43")>
2022-05-16 08:59:47,644 : INFO : self.listitem is***************************************:<selenium.webdriver.remote.webelement.WebElement (session="42fadc94-5a9e-4328-9623-261c3592f1e3", element="62cbc8ea-49e7-4e3c-9f78-c6260a315c43")>
2022-05-16 08:59:47,644 : INFO : self.listitem is***************************************:<selenium.webdriver.remote.webelement.WebElement (session="42fadc94-5a9e-4328-9623-261c3592f1e3", element="62cbc8ea-49e7-4e3c-9f78-c6260a315c43")>
2022-05-16 08:59:48,700 : INFO : ********************add customer info complete**************************
2022-05-16 08:59:48,700 : INFO : ********************add customer info complete**************************
2022-05-16 08:59:48,701 : INFO : ********************validate customer info**************************
2022-05-16 08:59:48,701 : INFO : ********************validate customer info**************************
2022-05-16 09:00:39,659 : INFO : ********************Test_003_AddCustomer**************************
2022-05-16 09:00:39,659 : INFO : ********************Test_003_AddCustomer**************************
2022-05-16 09:00:44,801 : INFO : ********************Login successful**************************
2022-05-16 09:00:44,801 : INFO : ********************Login successful**************************
2022-05-16 09:00:44,801 : INFO : ********************start Test_003_AddCustomer**************************
2022-05-16 09:00:44,801 : INFO : ********************start Test_003_AddCustomer**************************
2022-05-16 09:00:51,841 : INFO : ********************provide customer info**************************
2022-05-16 09:00:51,841 : INFO : ********************provide customer info**************************
2022-05-16 09:00:57,236 : INFO : go to vendors branch************************************
2022-05-16 09:00:57,236 : INFO : go to vendors branch************************************
2022-05-16 09:00:57,244 : INFO : Vendor element is***************************************:<selenium.webdriver.remote.webelement.WebElement (session="cc1cd011f749da4c3c8c997eab2458a9", element="bf59f90a-57a8-4fdd-a9d2-5f56d50e1fb8")>
2022-05-16 09:00:57,244 : INFO : Vendor element is***************************************:<selenium.webdriver.remote.webelement.WebElement (session="cc1cd011f749da4c3c8c997eab2458a9", element="bf59f90a-57a8-4fdd-a9d2-5f56d50e1fb8")>
2022-05-16 09:00:57,244 : INFO : self.listitem is***************************************:<selenium.webdriver.remote.webelement.WebElement (session="cc1cd011f749da4c3c8c997eab2458a9", element="bf59f90a-57a8-4fdd-a9d2-5f56d50e1fb8")>
2022-05-16 09:00:57,244 : INFO : self.listitem is***************************************:<selenium.webdriver.remote.webelement.WebElement (session="cc1cd011f749da4c3c8c997eab2458a9", element="bf59f90a-57a8-4fdd-a9d2-5f56d50e1fb8")>
2022-05-16 09:00:58,762 : INFO : ********************add customer info complete**************************
2022-05-16 09:00:58,762 : INFO : ********************add customer info complete**************************
2022-05-16 09:00:58,762 : INFO : ********************validate customer info**************************
2022-05-16 09:00:58,762 : INFO : ********************validate customer info**************************
2022-05-16 09:00:59,185 : INFO : ********************add customer info passed**************************
2022-05-16 09:00:59,185 : INFO : ********************add customer info passed**************************
2022-05-16 09:01:01,248 : INFO : ********************Test_003_AddCustomer**************************
2022-05-16 09:01:01,248 : INFO : ********************Test_003_AddCustomer**************************
2022-05-16 09:01:05,504 : INFO : ********************Login successful**************************
2022-05-16 09:01:05,504 : INFO : ********************Login successful**************************
2022-05-16 09:01:05,504 : INFO : ********************start Test_003_AddCustomer**************************
2022-05-16 09:01:05,504 : INFO : ********************start Test_003_AddCustomer**************************
2022-05-16 09:01:12,264 : INFO : ********************provide customer info**************************
2022-05-16 09:01:12,264 : INFO : ********************provide customer info**************************
2022-05-16 09:01:17,330 : INFO : go to vendors branch************************************
2022-05-16 09:01:17,330 : INFO : go to vendors branch************************************
2022-05-16 09:01:17,330 : INFO : Vendor element is***************************************:<selenium.webdriver.remote.webelement.WebElement (session="054082a0-1a4c-4899-901b-d3997cd5de4f", element="68fcab50-122e-4feb-b54d-b80daa5cbec8")>
2022-05-16 09:01:17,330 : INFO : Vendor element is***************************************:<selenium.webdriver.remote.webelement.WebElement (session="054082a0-1a4c-4899-901b-d3997cd5de4f", element="68fcab50-122e-4feb-b54d-b80daa5cbec8")>
2022-05-16 09:01:17,330 : INFO : self.listitem is***************************************:<selenium.webdriver.remote.webelement.WebElement (session="054082a0-1a4c-4899-901b-d3997cd5de4f", element="68fcab50-122e-4feb-b54d-b80daa5cbec8")>
2022-05-16 09:01:17,330 : INFO : self.listitem is***************************************:<selenium.webdriver.remote.webelement.WebElement (session="054082a0-1a4c-4899-901b-d3997cd5de4f", element="68fcab50-122e-4feb-b54d-b80daa5cbec8")>
2022-05-16 09:01:19,084 : INFO : ********************add customer info complete**************************
2022-05-16 09:01:19,084 : INFO : ********************add customer info complete**************************
2022-05-16 09:01:19,088 : INFO : ********************validate customer info**************************
2022-05-16 09:01:19,088 : INFO : ********************validate customer info**************************
